==> Downloading https://downloads.sourceforge.net/project/anttweakbar/AntTweakBar_116.zip
==> Downloading from https://cytranet.dl.sourceforge.net/project/anttweakbar/AntTweakBar_116.zip
==> Downloading https://raw.githubusercontent.com/Homebrew/formula-patches/62e79481/anttweakbar/anttweakbar.diff
==> Patching
==> Applying anttweakbar.diff
patching file src/LoadOGLCore.h
patching file src/LoadOGLCore.cpp
Hunk #1 succeeded at 484 with fuzz 2.
==> make -C src -f Makefile.osx
Last 15 lines from /home/kali/.cache/Homebrew/Logs/anttweakbar/01.make:
Makefile.osx:70: recipe for target 'TwColors.o' failed
make: *** [TwColors.o] Error 1
cc1plus: error: argument to ‘-O’ should be a non-negative integer, ‘g’, ‘s’ or ‘fast’
Makefile.osx:70: recipe for target 'TwFonts.o' failed
make: *** [TwFonts.o] Error 1
cc1plus: error: argument to ‘-O’ should be a non-negative integer, ‘g’, ‘s’ or ‘fast’
Makefile.osx:70: recipe for target 'TwBar.o' failed
make: *** [TwBar.o] Error 1
cc1plus: error: argument to ‘-O’ should be a non-negative integer, ‘g’, ‘s’ or ‘fast’
Makefile.osx:70: recipe for target 'TwOpenGLCore.o' failed
make: *** [TwOpenGLCore.o] Error 1
cc1plus: error: argument to ‘-O’ should be a non-negative integer, ‘g’, ‘s’ or ‘fast’
Makefile.osx:70: recipe for target 'LoadOGL.o' failed
make: *** [LoadOGL.o] Error 1
make: Leaving directory '/tmp/anttweakbar-20170920-12322-1vr7swi/AntTweakBar/src'

READ THIS: https://github.com/Linuxbrew/brew/blob/master/docs/Troubleshooting.md#troubleshooting
Please do not report this issue to Homebrew/brew or Homebrew/core, which support macOS only.

